Start testing: Jul 11 15:08 RTZ 4 (çèìà)
----------------------------------------------------------
1/2 Testing: test_test_feature_a_test_lib
1/2 Test: test_test_feature_a_test_lib
Command: "C:/Users/Dima/gitproject/build/lib/tests/Debug/test_test_feature_a_test_lib.exe"
Directory: C:/Users/Dima/gitproject/build/lib/tests
"test_test_feature_a_test_lib" start time: Jul 11 15:08 RTZ 4 (çèìà)
Output:
----------------------------------------------------------
test_hex_to_bytes_valid passed!.
test_hex_to_bytes_invalid passed!.
All initial tests passed!.
<end of output>
Test time =   0.01 sec
----------------------------------------------------------
Test Passed.
"test_test_feature_a_test_lib" end time: Jul 11 15:08 RTZ 4 (çèìà)
"test_test_feature_a_test_lib" time elapsed: 00:00:00
----------------------------------------------------------

2/2 Testing: test_test_integration_test_app
2/2 Test: test_test_integration_test_app
Command: "C:/Users/Dima/gitproject/build/app/tests/Debug/test_test_integration_test_app.exe"
Directory: C:/Users/Dima/gitproject/build/app/tests
"test_test_integration_test_app" start time: Jul 11 15:08 RTZ 4 (çèìà)
Output:
----------------------------------------------------------
test_simple_replace passed!.
Test 8 (No Match) passed.
Test 9 (Backtrack Match) passed.
Test 10 (Empty File) passed.
Test 11 (Binary Null Bytes) passed.
All integration tests passed successfully!.
<end of output>
Test time =   0.05 sec
----------------------------------------------------------
Test Passed.
"test_test_integration_test_app" end time: Jul 11 15:08 RTZ 4 (çèìà)
"test_test_integration_test_app" time elapsed: 00:00:00
----------------------------------------------------------

End testing: Jul 11 15:08 RTZ 4 (çèìà)
